2025-05-27 11:02:42,226 [INFO] Activator:176 - 


2025-05-27 11:02:42,233 [INFO] Activator:177 - !SESSION log4j initialized
2025-05-27 11:03:07,626 [INFO] LogOutputStream:77 - [STDOUT_REDIRECT] 
2025-05-27 11:03:09,216 [INFO] ApplicationProperties:184 - Using Application install path: D:\CubeIDE\STM32CubeIDE_1.17.0\STM32CubeIDE\plugins\com.st.stm32cube.common.mx_6.14.1.202504091515
2025-05-27 11:03:09,236 [INFO] DbMcusXml:78 - Set database path to: D:\CubeIDE\STM32CubeIDE_1.17.0\STM32CubeIDE\plugins\com.st.stm32cube.common.mx_6.14.1.202504091515\\db\/mcu/
2025-05-27 11:03:09,237 [INFO] ApiDb:274 - Set plugin database path to: D:\CubeIDE\STM32CubeIDE_1.17.0\STM32CubeIDE\plugins\com.st.stm32cube.common.mx_6.14.1.202504091515\\db\/plugins/boardmanager/
2025-05-27 11:03:09,237 [WARN] ApiDb:259 - Overriding images path with different value:  => D:\CubeIDE\STM32CubeIDE_1.17.0\STM32CubeIDE\plugins\com.st.stm32cube.common.mx_6.14.1.202504091515\\db\/plugins/mcufinder/images/
2025-05-27 11:03:09,247 [INFO] ApiDb:250 - Set database path to: C:\Users\LENOVO\.stmcufinder\plugins\mcufinder//mcu/
2025-05-27 11:03:09,248 [INFO] DbMcusAds:125 - Set database path to: C:\Users\LENOVO\.stmcufinder\plugins\mcufinder//mcu/
2025-05-27 11:03:09,251 [INFO] CrossReferenceDbSqlite:203 - Set database path to: C:\Users\LENOVO\.stmcufinder\plugins\mcufinder//mcu/cs/
2025-05-27 11:03:09,403 [INFO] RulesReader:64 - Compatibility file has been processed (302 Rules)
2025-05-27 11:03:09,513 [INFO] DbMcusXml:78 - Set database path to: D:\CubeIDE\STM32CubeIDE_1.17.0\STM32CubeIDE\plugins\com.st.stm32cube.common.mx_6.14.1.202504091515\\db\/mcu/
2025-05-27 11:03:09,513 [INFO] ApiDb:274 - Set plugin database path to: D:\CubeIDE\STM32CubeIDE_1.17.0\STM32CubeIDE\plugins\com.st.stm32cube.common.mx_6.14.1.202504091515\\db\/plugins/boardmanager/
2025-05-27 11:03:09,513 [INFO] ApiDb:261 - Set plugin images path to: D:\CubeIDE\STM32CubeIDE_1.17.0\STM32CubeIDE\plugins\com.st.stm32cube.common.mx_6.14.1.202504091515\\db\/plugins/mcufinder/images/
2025-05-27 11:03:09,513 [WARN] DbFile:41 - Overriding database path with different value: C:\Users\LENOVO\.stmcufinder\plugins\mcufinder/ => C:\Users\LENOVO\.stmcufinder\plugins\mcufinder
2025-05-27 11:03:09,513 [INFO] ApiDb:250 - Set database path to: C:\Users\LENOVO\.stmcufinder\plugins\mcufinder//mcu/
2025-05-27 11:03:09,514 [WARN] DbFile:41 - Overriding database path with different value: C:\Users\LENOVO\.stmcufinder\plugins\mcufinder/ => C:\Users\LENOVO\.stmcufinder\plugins\mcufinder
2025-05-27 11:03:09,514 [INFO] DbMcusAds:125 - Set database path to: C:\Users\LENOVO\.stmcufinder\plugins\mcufinder//mcu/
2025-05-27 11:03:09,514 [WARN] DbFile:41 - Overriding database path with different value: C:\Users\LENOVO\.stmcufinder\plugins\mcufinder/ => C:\Users\LENOVO\.stmcufinder\plugins\mcufinder
2025-05-27 11:03:09,514 [WARN] DbFile:41 - Overriding database path with different value: C:\Users\LENOVO\.stmcufinder\plugins\mcufinder/ => C:\Users\LENOVO\.stmcufinder\plugins\mcufinder
2025-05-27 11:03:09,514 [INFO] CrossReferenceDbSqlite:203 - Set database path to: C:\Users\LENOVO\.stmcufinder\plugins\mcufinder//mcu/cs/
2025-05-27 11:03:09,642 [INFO] MainPanel:272 - HeapMemory: 268435456
2025-05-27 11:03:09,801 [INFO] DbMcusXml:78 - Set database path to: D:\CubeIDE\STM32CubeIDE_1.17.0\STM32CubeIDE\plugins\com.st.stm32cube.common.mx_6.14.1.202504091515\\db\/mcu/
2025-05-27 11:03:09,801 [INFO] ApiDb:274 - Set plugin database path to: D:\CubeIDE\STM32CubeIDE_1.17.0\STM32CubeIDE\plugins\com.st.stm32cube.common.mx_6.14.1.202504091515\\db\/plugins/boardmanager/
2025-05-27 11:03:09,801 [INFO] ApiDb:261 - Set plugin images path to: D:\CubeIDE\STM32CubeIDE_1.17.0\STM32CubeIDE\plugins\com.st.stm32cube.common.mx_6.14.1.202504091515\\db\/plugins/mcufinder/images/
2025-05-27 11:03:09,802 [WARN] DbFile:41 - Overriding database path with different value: C:\Users\LENOVO\.stmcufinder\plugins\mcufinder/ => C:\Users\LENOVO\.stmcufinder\plugins\mcufinder
2025-05-27 11:03:09,802 [INFO] ApiDb:250 - Set database path to: C:\Users\LENOVO\.stmcufinder\plugins\mcufinder//mcu/
2025-05-27 11:03:09,802 [WARN] DbFile:41 - Overriding database path with different value: C:\Users\LENOVO\.stmcufinder\plugins\mcufinder/ => C:\Users\LENOVO\.stmcufinder\plugins\mcufinder
2025-05-27 11:03:09,802 [INFO] DbMcusAds:125 - Set database path to: C:\Users\LENOVO\.stmcufinder\plugins\mcufinder//mcu/
2025-05-27 11:03:09,802 [WARN] DbFile:41 - Overriding database path with different value: C:\Users\LENOVO\.stmcufinder\plugins\mcufinder/ => C:\Users\LENOVO\.stmcufinder\plugins\mcufinder
2025-05-27 11:03:09,802 [WARN] DbFile:41 - Overriding database path with different value: C:\Users\LENOVO\.stmcufinder\plugins\mcufinder/ => C:\Users\LENOVO\.stmcufinder\plugins\mcufinder
2025-05-27 11:03:09,802 [INFO] CrossReferenceDbSqlite:203 - Set database path to: C:\Users\LENOVO\.stmcufinder\plugins\mcufinder//mcu/cs/
2025-05-27 11:03:09,829 [INFO] ApplicationProperties:184 - Using Application install path: D:\CubeIDE\STM32CubeIDE_1.17.0\STM32CubeIDE\plugins\com.st.stm32cube.common.mx_6.14.1.202504091515
2025-05-27 11:03:09,830 [INFO] PluginManage:196 - Search for loadable plugins [exclusion list=, ]
2025-05-27 11:03:09,832 [INFO] PluginManage:310 - Check plugin analytics
2025-05-27 11:03:10,037 [INFO] AnalyticsPlugin:253 - Accepted Software Licenses: 
2025-05-27 11:03:10,037 [INFO] AnalyticsPlugin:255 - Accepted CMSIS Pack Licenses: 
2025-05-27 11:03:10,037 [INFO] AnalyticsPlugin:257 - Accepted Firmware Licenses: FW.F4.1.28.0
2025-05-27 11:03:10,040 [INFO] PluginManage:359 - Loaded plugin analytics (category:tool,tabindex:-1)
2025-05-27 11:03:10,040 [INFO] PluginManage:310 - Check plugin cadmodel
2025-05-27 11:03:10,064 [INFO] CADModel:105 - Init CAD model plugin
2025-05-27 11:03:10,065 [INFO] PluginManage:359 - Loaded plugin cadmodel (category:power,tabindex:5)
2025-05-27 11:03:10,065 [INFO] PluginManage:310 - Check plugin clock
2025-05-27 11:03:10,092 [INFO] PluginManage:359 - Loaded plugin clock (category:base,tabindex:2)
2025-05-27 11:03:10,093 [INFO] PluginManage:310 - Check plugin ddr
2025-05-27 11:03:10,096 [INFO] PluginManage:359 - Loaded plugin ddr (category:tool,tabindex:6)
2025-05-27 11:03:10,096 [INFO] PluginManage:310 - Check plugin filemanager
2025-05-27 11:03:10,260 [INFO] PluginManage:359 - Loaded plugin filemanager (category:base,tabindex:10)
2025-05-27 11:03:10,260 [INFO] PluginManage:310 - Check plugin ipmanager
2025-05-27 11:03:10,267 [INFO] PluginManage:359 - Loaded plugin ipmanager (category:base,tabindex:5)
2025-05-27 11:03:10,269 [INFO] PluginManage:310 - Check plugin lpbam
2025-05-27 11:03:10,295 [INFO] PluginManage:359 - Loaded plugin lpbam (category:base,tabindex:0)
2025-05-27 11:03:10,296 [INFO] PluginManage:310 - Check plugin memorymap
2025-05-27 11:03:10,328 [INFO] PluginManage:359 - Loaded plugin memorymap (category:base,tabindex:4)
2025-05-27 11:03:10,328 [INFO] PluginManage:310 - Check plugin pinoutandconfiguration
2025-05-27 11:03:10,356 [INFO] PluginManage:359 - Loaded plugin pinoutandconfiguration (category:base,tabindex:1)
2025-05-27 11:03:10,356 [INFO] PluginManage:310 - Check plugin pinoutconfig
2025-05-27 11:03:10,494 [WARN] SupportedApi:132 - Cannot load RTOS API schema: s4s-elt-must-match.1: The content of 'definitions' must match (annotation?, (simpleType | complexType)?, (unique | key | keyref)*)). A problem was found starting at: attribute.
2025-05-27 11:03:10,668 [INFO] PluginManage:359 - Loaded plugin pinoutconfig (category:base,tabindex:0)
2025-05-27 11:03:10,670 [INFO] PluginManage:310 - Check plugin power
2025-05-27 11:03:10,699 [INFO] PluginManage:359 - Loaded plugin power (category:power,tabindex:4)
2025-05-27 11:03:10,699 [INFO] PluginManage:310 - Check plugin projectmanager
2025-05-27 11:03:10,716 [INFO] PluginManage:359 - Loaded plugin projectmanager (category:projectmanager,tabindex:4)
2025-05-27 11:03:10,717 [INFO] PluginManage:310 - Check plugin rif
2025-05-27 11:03:10,756 [INFO] PluginManage:359 - Loaded plugin rif (category:base,tabindex:3)
2025-05-27 11:03:10,756 [INFO] PluginManage:310 - Check plugin thirdparty
2025-05-27 11:03:11,217 [INFO] PluginManage:359 - Loaded plugin thirdparty (category:base,tabindex:-1)
2025-05-27 11:03:11,217 [INFO] PluginManage:310 - Check plugin tools
2025-05-27 11:03:11,217 [WARN] IntegrityCheckThread:84 - waiting for thirdparty lock release [integrity check]
2025-05-27 11:03:11,217 [INFO] IntegrityCheckThread:86 - entering critical section [integrity check]
2025-05-27 11:03:11,219 [INFO] ThirdPartyUpdaterWithRetryManager:70 - Updater plugin not ready yet. [1/15]
2025-05-27 11:03:11,283 [INFO] PluginManage:359 - Loaded plugin tools (category:base,tabindex:7)
2025-05-27 11:03:11,283 [INFO] PluginManage:310 - Check plugin tutovideos
2025-05-27 11:03:11,522 [INFO] PluginManage:359 - Loaded plugin tutovideos (category:base,tabindex:-1)
2025-05-27 11:03:11,523 [INFO] PluginManage:310 - Check plugin updater
2025-05-27 11:03:11,551 [INFO] PluginManage:359 - Loaded plugin updater (category:base,tabindex:12)
2025-05-27 11:03:11,551 [INFO] PluginManage:310 - Check plugin userauth
2025-05-27 11:03:11,556 [INFO] UserAuth:118 - Init User Auth plugin
2025-05-27 11:03:11,557 [INFO] PluginManage:359 - Loaded plugin userauth (category:base,tabindex:14)
2025-05-27 11:03:11,558 [INFO] PluginManage:283 - PluginManage : Loaded plugins [18]
2025-05-27 11:03:11,843 [INFO] PinOutPanel:1589 - setPackage(No Configuration,No Configuration)
2025-05-27 11:03:11,951 [INFO] CADModel:165 - CPN selected for project level
2025-05-27 11:03:11,952 [INFO] CADModel:114 - Register for checkConnection events
2025-05-27 11:03:11,995 [INFO] IPUIPlugin:80 - create IPUIPlugin
2025-05-27 11:03:11,995 [INFO] PluginManager:220 - loadIPPluginJar : add adc
2025-05-27 11:03:12,047 [INFO] IPUIPlugin:80 - create IPUIPlugin
2025-05-27 11:03:12,047 [INFO] PluginManager:220 - loadIPPluginJar : add aes
2025-05-27 11:03:12,122 [INFO] IPUIPlugin:80 - create IPUIPlugin
2025-05-27 11:03:12,122 [INFO] PluginManager:220 - loadIPPluginJar : add can
2025-05-27 11:03:12,160 [INFO] IPUIPlugin:80 - create IPUIPlugin
2025-05-27 11:03:12,160 [INFO] PluginManager:220 - loadIPPluginJar : add comp
2025-05-27 11:03:12,209 [INFO] IPUIPlugin:80 - create IPUIPlugin
2025-05-27 11:03:12,209 [INFO] PluginManager:220 - loadIPPluginJar : add cryp
2025-05-27 11:03:12,230 [INFO] IPUIPlugin:80 - create IPUIPlugin
2025-05-27 11:03:12,231 [INFO] PluginManager:220 - loadIPPluginJar : add ddr_ctrl_phy
2025-05-27 11:03:12,277 [INFO] IPUIPlugin:80 - create IPUIPlugin
2025-05-27 11:03:12,277 [INFO] PluginManager:220 - loadIPPluginJar : add dfsdm
2025-05-27 11:03:12,300 [INFO] IPUIPlugin:80 - create IPUIPlugin
2025-05-27 11:03:12,301 [INFO] PluginManager:220 - loadIPPluginJar : add dma
2025-05-27 11:03:12,357 [INFO] IPUIPlugin:80 - create IPUIPlugin
2025-05-27 11:03:12,357 [INFO] PluginManager:220 - loadIPPluginJar : add dma3
2025-05-27 11:03:12,422 [INFO] IPUIPlugin:80 - create IPUIPlugin
2025-05-27 11:03:12,422 [INFO] PluginManager:220 - loadIPPluginJar : add extmemmanager
2025-05-27 11:03:12,453 [INFO] IPUIPlugin:80 - create IPUIPlugin
2025-05-27 11:03:12,454 [INFO] PluginManager:220 - loadIPPluginJar : add fatfs
2025-05-27 11:03:12,519 [INFO] IPUIPlugin:80 - create IPUIPlugin
2025-05-27 11:03:12,519 [INFO] PluginManager:220 - loadIPPluginJar : add fmc
2025-05-27 11:03:12,541 [INFO] IPUIPlugin:80 - create IPUIPlugin
2025-05-27 11:03:12,542 [INFO] PluginManager:220 - loadIPPluginJar : add freertos
2025-05-27 11:03:12,576 [INFO] IPUIPlugin:80 - create IPUIPlugin
2025-05-27 11:03:12,576 [INFO] PluginManager:220 - loadIPPluginJar : add genericplugin
2025-05-27 11:03:12,700 [INFO] IPUIPlugin:80 - create IPUIPlugin
2025-05-27 11:03:12,700 [INFO] PluginManager:220 - loadIPPluginJar : add gfxmmu
2025-05-27 11:03:12,899 [INFO] IPUIPlugin:80 - create IPUIPlugin
2025-05-27 11:03:12,899 [INFO] PluginManager:220 - loadIPPluginJar : add gic
2025-05-27 11:03:12,919 [INFO] IPUIPlugin:80 - create IPUIPlugin
2025-05-27 11:03:12,919 [INFO] PluginManager:220 - loadIPPluginJar : add gpio
2025-05-27 11:03:13,061 [INFO] IPUIPlugin:80 - create IPUIPlugin
2025-05-27 11:03:13,061 [INFO] PluginManager:220 - loadIPPluginJar : add gtzc
2025-05-27 11:03:13,112 [INFO] IPUIPlugin:80 - create IPUIPlugin
2025-05-27 11:03:13,112 [INFO] PluginManager:220 - loadIPPluginJar : add hash
2025-05-27 11:03:13,216 [INFO] IPUIPlugin:80 - create IPUIPlugin
2025-05-27 11:03:13,216 [INFO] PluginManager:220 - loadIPPluginJar : add i2c
2025-05-27 11:03:13,287 [INFO] IPUIPlugin:80 - create IPUIPlugin
2025-05-27 11:03:13,287 [INFO] PluginManager:220 - loadIPPluginJar : add i2s
2025-05-27 11:03:13,349 [INFO] IPUIPlugin:80 - create IPUIPlugin
2025-05-27 11:03:13,349 [INFO] PluginManager:220 - loadIPPluginJar : add i3c
2025-05-27 11:03:13,483 [INFO] IPUIPlugin:80 - create IPUIPlugin
2025-05-27 11:03:13,483 [INFO] PluginManager:220 - loadIPPluginJar : add ipddr
2025-05-27 11:03:13,619 [INFO] IPUIPlugin:80 - create IPUIPlugin
2025-05-27 11:03:13,620 [INFO] PluginManager:220 - loadIPPluginJar : add linkedlist
2025-05-27 11:03:13,674 [INFO] IPUIPlugin:80 - create IPUIPlugin
2025-05-27 11:03:13,674 [INFO] PluginManager:220 - loadIPPluginJar : add lorawan
2025-05-27 11:03:13,732 [INFO] IPUIPlugin:80 - create IPUIPlugin
2025-05-27 11:03:13,732 [INFO] PluginManager:220 - loadIPPluginJar : add ltdc
2025-05-27 11:03:13,752 [INFO] IPUIPlugin:80 - create IPUIPlugin
2025-05-27 11:03:13,753 [INFO] PluginManager:220 - loadIPPluginJar : add mdma
2025-05-27 11:03:13,771 [INFO] IPUIPlugin:80 - create IPUIPlugin
2025-05-27 11:03:13,771 [INFO] PluginManager:220 - loadIPPluginJar : add nvic
2025-05-27 11:03:13,838 [INFO] IPUIPlugin:80 - create IPUIPlugin
2025-05-27 11:03:13,838 [INFO] PluginManager:220 - loadIPPluginJar : add opamp
2025-05-27 11:03:13,946 [INFO] IPUIPlugin:80 - create IPUIPlugin
2025-05-27 11:03:13,946 [INFO] PluginManager:220 - loadIPPluginJar : add openamp
2025-05-27 11:03:14,023 [INFO] IPUIPlugin:80 - create IPUIPlugin
2025-05-27 11:03:14,023 [INFO] PluginManager:220 - loadIPPluginJar : add pdm2pcm
2025-05-27 11:03:14,046 [INFO] IPUIPlugin:80 - create IPUIPlugin
2025-05-27 11:03:14,048 [INFO] PluginManager:220 - loadIPPluginJar : add plateformsettings
2025-05-27 11:03:14,095 [INFO] IPUIPlugin:80 - create IPUIPlugin
2025-05-27 11:03:14,095 [INFO] PluginManager:220 - loadIPPluginJar : add quadspi
2025-05-27 11:03:14,147 [INFO] IPUIPlugin:80 - create IPUIPlugin
2025-05-27 11:03:14,148 [INFO] PluginManager:220 - loadIPPluginJar : add radio
2025-05-27 11:03:14,168 [INFO] IPUIPlugin:80 - create IPUIPlugin
2025-05-27 11:03:14,169 [INFO] PluginManager:220 - loadIPPluginJar : add resmgrutility
2025-05-27 11:03:14,219 [INFO] ThirdPartyUpdaterWithRetryManager:70 - Updater plugin not ready yet. [2/15]
2025-05-27 11:03:14,229 [INFO] IPUIPlugin:80 - create IPUIPlugin
2025-05-27 11:03:14,230 [INFO] PluginManager:220 - loadIPPluginJar : add sai
2025-05-27 11:03:14,277 [INFO] IPUIPlugin:80 - create IPUIPlugin
2025-05-27 11:03:14,278 [INFO] PluginManager:220 - loadIPPluginJar : add spi
2025-05-27 11:03:14,419 [INFO] IPUIPlugin:80 - create IPUIPlugin
2025-05-27 11:03:14,419 [INFO] PluginManager:220 - loadIPPluginJar : add stm32_wpan
2025-05-27 11:03:14,477 [INFO] IPUIPlugin:80 - create IPUIPlugin
2025-05-27 11:03:14,477 [INFO] PluginManager:220 - loadIPPluginJar : add tim
2025-05-27 11:03:14,592 [INFO] IPUIPlugin:80 - create IPUIPlugin
2025-05-27 11:03:14,592 [INFO] PluginManager:220 - loadIPPluginJar : add touchsensing
2025-05-27 11:03:14,639 [INFO] IPUIPlugin:80 - create IPUIPlugin
2025-05-27 11:03:14,639 [INFO] PluginManager:220 - loadIPPluginJar : add tracer_emb
2025-05-27 11:03:14,684 [INFO] IPUIPlugin:80 - create IPUIPlugin
2025-05-27 11:03:14,684 [INFO] PluginManager:220 - loadIPPluginJar : add ts
2025-05-27 11:03:14,722 [INFO] IPUIPlugin:80 - create IPUIPlugin
2025-05-27 11:03:14,723 [INFO] PluginManager:220 - loadIPPluginJar : add tsc
2025-05-27 11:03:14,761 [INFO] IPUIPlugin:80 - create IPUIPlugin
2025-05-27 11:03:14,761 [INFO] PluginManager:220 - loadIPPluginJar : add ucpd
2025-05-27 11:03:14,837 [INFO] IPUIPlugin:80 - create IPUIPlugin
2025-05-27 11:03:14,838 [INFO] PluginManager:220 - loadIPPluginJar : add usart
2025-05-27 11:03:14,921 [INFO] IPUIPlugin:80 - create IPUIPlugin
2025-05-27 11:03:14,922 [INFO] PluginManager:220 - loadIPPluginJar : add usbx
2025-05-27 11:03:15,056 [FATAL] Updater:351 - Updater called before beeing initialized
2025-05-27 11:03:15,081 [INFO] RulesReader:64 - Compatibility file has been processed (302 Rules)
2025-05-27 11:03:15,091 [INFO] RulesReader:64 - Compatibility file has been processed (302 Rules)
2025-05-27 11:03:15,099 [INFO] CADModel:165 - CPN selected for project level
2025-05-27 11:03:15,100 [INFO] CADModel:114 - Register for checkConnection events
2025-05-27 11:03:15,100 [FATAL] Updater:351 - Updater called before beeing initialized
2025-05-27 11:03:15,100 [ERROR] CADModel:125 - Updater not yet initialized, retry later 
2025-05-27 11:03:15,304 [FATAL] Updater:351 - Updater called before beeing initialized
2025-05-27 11:03:15,307 [INFO] CADModel:165 - CPN selected for project level
2025-05-27 11:03:15,307 [INFO] CADModel:114 - Register for checkConnection events
2025-05-27 11:03:15,308 [FATAL] Updater:351 - Updater called before beeing initialized
2025-05-27 11:03:15,308 [ERROR] CADModel:125 - Updater not yet initialized, retry later 
2025-05-27 11:03:15,312 [FATAL] Updater:351 - Updater called before beeing initialized
2025-05-27 11:03:15,420 [FATAL] Updater:351 - Updater called before beeing initialized
2025-05-27 11:03:15,436 [INFO] DbMcusAds:53 - JSON generation date=Wed May 07 16:07:55 ICT 2025 (1746608875513)
2025-05-27 11:03:15,436 [FATAL] Updater:351 - Updater called before beeing initialized
2025-05-27 11:03:15,554 [WARN] DetailPanel:346 - Failed to get advertising image, set to default
2025-05-27 11:03:15,828 [FATAL] Updater:351 - Updater called before beeing initialized
2025-05-27 11:03:15,830 [FATAL] Updater:351 - Updater called before beeing initialized
2025-05-27 11:03:15,831 [FATAL] Updater:351 - Updater called before beeing initialized
2025-05-27 11:03:15,831 [WARN] DetailPanel:346 - Failed to get advertising image, set to default
2025-05-27 11:03:15,832 [FATAL] Updater:351 - Updater called before beeing initialized
2025-05-27 11:03:15,903 [ERROR] Updater:1198 - MainUpdater not yet initialized. External WinMGr cannot be set.
2025-05-27 11:03:15,918 [INFO] Updater:1134 - Updater Version found : 6.14.1
2025-05-27 11:03:15,941 [INFO] ApplicationProperties:184 - Using Application install path: D:\CubeIDE\STM32CubeIDE_1.17.0\STM32CubeIDE\plugins\com.st.stm32cube.common.mx_6.14.1.202504091515
2025-05-27 11:03:17,220 [INFO] ThirdPartyUpdaterWithRetryManager:70 - Updater plugin not ready yet. [3/15]
2025-05-27 11:03:17,574 [ERROR] LogOutputStream:75 - [STDERR_REDIRECT] May 27, 2025 11:03:17 AM java.util.prefs.WindowsPreferences <init>
2025-05-27 11:03:17,578 [ERROR] LogOutputStream:75 - [STDERR_REDIRECT] WARNING: Could not open/create prefs root node Software\JavaSoft\Prefs at root 0xffffffff80000002. Windows RegCreateKeyEx(...) returned error code 5.
2025-05-27 11:03:17,578 [ERROR] LogOutputStream:75 - [STDERR_REDIRECT] 
2025-05-27 11:03:18,159 [INFO] MainUpdater:2872 - connection check result : 10
2025-05-27 11:03:18,160 [INFO] MainUpdater:3566 - Updater definition file requires update
2025-05-27 11:03:18,161 [INFO] MainUpdater:289 - Updater Check For Update Now.
2025-05-27 11:03:18,161 [INFO] MicroXplorer:498 - Change Database Version : DB.6.0.141
2025-05-27 11:03:18,196 [INFO] McuFinderGlobals:63 - Set McuFinder mode to 2 (CubeIDE integrated)
2025-05-27 11:03:18,196 [INFO] UserAuth:171 - activating auth plugin
2025-05-27 11:03:18,201 [INFO] UserAuth:484 - Internet connection configuration mode: 1
2025-05-27 11:03:18,247 [INFO] JxBrowserEngine:152 - Initiate JxBrowser Engine with user profile folder
2025-05-27 11:03:18,286 [INFO] ServerAccessManage:473 - Download File updaters.zip
2025-05-27 11:03:18,460 [INFO] FileExtend:242 - Unzip File : updaters.zip
2025-05-27 11:03:18,460 [INFO] FileExtend:257 - Standard Zip Deflate
2025-05-27 11:03:19,407 [INFO] ServerAccessManage:473 - Download File PacksControlFlags.xml
2025-05-27 11:03:19,552 [INFO] ServerAccessManage:473 - Download File cubemx.pidx
2025-05-27 11:03:20,222 [WARN] MainUpdater:1193 - Updater busy. Cannot search thirdparties
2025-05-27 11:03:20,222 [INFO] ThirdPartyUpdaterWithRetryManager:96 - Updater plugin is busy. [1/15]
2025-05-27 11:03:20,777 [INFO] WebApp:169 - Instantiating new browser for Auth
2025-05-27 11:03:20,818 [INFO] ServerAccessManage:473 - Download File STMicroelectronics.X-CUBE-ST60.pdsc
2025-05-27 11:03:21,839 [INFO] WebApp:463 - Apply proxy settings
2025-05-27 11:03:21,840 [INFO] WebApp:548 - Chromium requires no authentication
2025-05-27 11:03:21,851 [INFO] WebApp:491 - Direct internet connection detected
2025-05-27 11:03:21,889 [INFO] WebApp:894 - Register for checkConnection events
2025-05-27 11:03:21,889 [INFO] WebApp:463 - Apply proxy settings
2025-05-27 11:03:21,891 [INFO] WebApp:548 - Chromium requires no authentication
2025-05-27 11:03:21,891 [INFO] WebApp:491 - Direct internet connection detected
2025-05-27 11:03:22,164 [WARN] PackLoader:240 - Cannot read IP mode file for STMicroelectronics.X-CUBE-ST60.1.0.0
2025-05-27 11:03:22,166 [INFO] PopulateThirdPartyThread:66 - Ending populate Thread
2025-05-27 11:03:22,168 [INFO] ThirdParty:1030 - CMSIS Pack Vendor :STMicroelectronics X-CUBE-ST60 1.0.0
2025-05-27 11:03:22,168 [INFO] LoadServerUpdatesThread:375 - End of LoadServerUpdate Thread
2025-05-27 11:03:22,226 [INFO] WebApp:225 - Starting web application
2025-05-27 11:03:22,226 [INFO] WebApp:593 - Web application path used D:\CubeIDE\STM32CubeIDE_1.17.0\STM32CubeIDE\plugins\com.st.stm32cube.common.mx_6.14.1.202504091515\db\plugins\mcufinder\reactClient1\index.html
2025-05-27 11:03:22,295 [INFO] CheckServerUpdateThread:120 - End of CheckServer Thread
2025-05-27 11:03:22,435 [INFO] WebApp:191 - Connection restablished
2025-05-27 11:03:23,434 [WARN] PackLoader:240 - Cannot read IP mode file for STMicroelectronics.FP-SNS-MOTENVWB1.1.4.0
2025-05-27 11:03:23,442 [WARN] PackLoader:240 - Cannot read IP mode file for STMicroelectronics.FP-ATR-ASTRA1.2.0.2
2025-05-27 11:03:23,462 [WARN] PackLoader:240 - Cannot read IP mode file for STMicroelectronics.FP-ATR-ASTRA1.2.0.1
2025-05-27 11:03:23,491 [WARN] PackLoader:240 - Cannot read IP mode file for STMicroelectronics.X-CUBE-SMBUS.2.1.0
2025-05-27 11:03:23,527 [WARN] PackLoader:240 - Cannot read IP mode file for STMicroelectronics.X-CUBE-WB05N.1.1.0
2025-05-27 11:03:23,534 [WARN] PackLoader:240 - Cannot read IP mode file for STMicroelectronics.X-CUBE-ST60.1.0.0
2025-05-27 11:03:23,585 [WARN] PackLoader:240 - Cannot read IP mode file for STMicroelectronics.X-CUBE-AZRTOS-F7.1.1.0
2025-05-27 11:03:23,611 [WARN] PackLoader:240 - Cannot read IP mode file for STMicroelectronics.FP-SNS-FLIGHT1.5.0.2
2025-05-27 11:03:23,668 [WARN] PackLoader:240 - Cannot read IP mode file for Infineon.AIROC-Wi-Fi-Bluetooth-STM32.1.7.0
2025-05-27 11:03:23,697 [WARN] PackLoader:240 - Cannot read IP mode file for STMicroelectronics.X-CUBE-DISPLAY.3.0.0
2025-05-27 11:03:23,726 [WARN] PackLoader:240 - Cannot read IP mode file for STMicroelectronics.X-CUBE-BLE1.7.0.0
2025-05-27 11:03:23,748 [WARN] PackLoader:240 - Cannot read IP mode file for STMicroelectronics.X-CUBE-NFC10.1.0.0
2025-05-27 11:03:23,774 [WARN] PackLoader:240 - Cannot read IP mode file for STMicroelectronics.X-CUBE-BLEMGR.4.0.0
2025-05-27 11:03:23,797 [WARN] PackLoader:240 - Cannot read IP mode file for emotas.I-CUBE-CANOPEN.1.3.0
2025-05-27 11:03:23,816 [WARN] PackLoader:240 - Cannot read IP mode file for STMicroelectronics.X-CUBE-AI.10.0.0
2025-05-27 11:03:23,841 [WARN] PackLoader:240 - Cannot read IP mode file for STMicroelectronics.FP-SNS-SMARTAG2.1.2.0
2025-05-27 11:03:23,846 [WARN] PackLoader:240 - Cannot read IP mode file for STMicroelectronics.FP-SNS-FLIGHT1.5.1.0
2025-05-27 11:03:23,901 [WARN] PackLoader:240 - Cannot read IP mode file for STMicroelectronics.X-CUBE-MEMS1.11.1.0
2025-05-27 11:03:24,011 [INFO] LogOutputStream:77 - [STDOUT_REDIRECT] 1 : Invalid condition id : UX_CORESTACK_Condition cause : null
2025-05-27 11:03:24,013 [INFO] LogOutputStream:77 - [STDOUT_REDIRECT] 1 : Invalid condition id : UX_CORESTACK_Condition cause : null
2025-05-27 11:03:24,014 [INFO] LogOutputStream:77 - [STDOUT_REDIRECT] 1 : Invalid condition id : UX_CORESTACK_Condition cause : null
2025-05-27 11:03:24,015 [INFO] LogOutputStream:77 - [STDOUT_REDIRECT] 1 : Invalid condition id : UX_CORESTACK_Condition cause : null
2025-05-27 11:03:24,016 [INFO] LogOutputStream:77 - [STDOUT_REDIRECT] 1 : Invalid condition id : UX_CORESTACK_Condition cause : null
2025-05-27 11:03:24,017 [WARN] PackLoader:240 - Cannot read IP mode file for STMicroelectronics.X-CUBE-AZRTOS-WL.2.0.0
2025-05-27 11:03:24,038 [WARN] PackLoader:240 - Cannot read IP mode file for STMicroelectronics.FP-SNS-MOTENV1.5.0.0
2025-05-27 11:03:24,067 [WARN] PackLoader:240 - Cannot read IP mode file for WES.I-CUBE-Cesium.1.3.0
2025-05-27 11:03:24,089 [WARN] PackLoader:240 - Cannot read IP mode file for STMicroelectronics.X-CUBE-BLE2.3.3.0
2025-05-27 11:03:24,111 [WARN] PackLoader:240 - Cannot read IP mode file for STMicroelectronics.X-CUBE-NFC9.1.0.0
2025-05-27 11:03:24,132 [WARN] PackLoader:240 - Cannot read IP mode file for STMicroelectronics.X-CUBE-BLE1.7.1.0
2025-05-27 11:03:24,139 [WARN] PackLoader:240 - Cannot read IP mode file for wolfSSL.I-CUBE-wolfMQTT.1.19.2
2025-05-27 11:03:24,191 [WARN] PackLoader:240 - Cannot read IP mode file for STMicroelectronics.X-CUBE-MEMS1.11.2.0
2025-05-27 11:03:24,287 [WARN] PackLoader:240 - Cannot read IP mode file for STMicroelectronics.X-CUBE-AZRTOS-G0.1.1.0
2025-05-27 11:03:24,311 [WARN] PackLoader:240 - Cannot read IP mode file for STMicroelectronics.X-CUBE-SAFEA1.1.2.2
2025-05-27 11:03:24,332 [WARN] PackLoader:240 - Cannot read IP mode file for STMicroelectronics.X-CUBE-NFC4.3.0.0
2025-05-27 11:03:24,356 [WARN] PackLoader:240 - Cannot read IP mode file for EmbeddedOffice.I-CUBE-FS-RTOS.1.0.1
2025-05-27 11:03:24,381 [WARN] PackLoader:240 - Cannot read IP mode file for STMicroelectronics.X-CUBE-WB05N.2.0.0
2025-05-27 11:03:24,388 [WARN] PackLoader:240 - Cannot read IP mode file for wolfSSL.I-CUBE-wolfTPM.3.8.0
2025-05-27 11:03:24,414 [WARN] PackLoader:240 - Cannot read IP mode file for STMicroelectronics.X-CUBE-TCPP.4.2.0
2025-05-27 11:03:24,436 [WARN] PackLoader:240 - Cannot read IP mode file for RealThread.X-CUBE-RT-Thread_Nano.4.1.1
2025-05-27 11:03:24,442 [WARN] PackLoader:240 - Cannot read IP mode file for STMicroelectronics.FP-ATR-SIGFOX1.3.2.0
2025-05-27 11:03:24,449 [WARN] ConditionMgr:438 - getConditionDescription Invalid condition id : Cortex-A Device cause : null
2025-05-27 11:03:24,477 [WARN] ConditionMgr:1044 - genDependencies : Invalid condition id : Cortex-A Device cause : null
2025-05-27 11:03:24,477 [WARN] ConditionMgr:1044 - genDependencies : Invalid condition id : Cortex-A Device cause : null
2025-05-27 11:03:24,477 [WARN] ConditionMgr:1044 - genDependencies : Invalid condition id : Cortex-A Device cause : null
2025-05-27 11:03:24,496 [WARN] PackLoader:240 - Cannot read IP mode file for STMicroelectronics.X-CUBE-EEPRMA1.5.1.0
2025-05-27 11:03:24,515 [WARN] PackLoader:240 - Cannot read IP mode file for wolfSSL.I-CUBE-wolfSSL.5.7.6
2025-05-27 11:03:24,533 [WARN] PackLoader:240 - Cannot read IP mode file for ITTIA_DB.I-CUBE-ITTIADB.8.9.0
2025-05-27 11:03:24,583 [WARN] PackLoader:240 - Cannot read IP mode file for SEGGER.I-CUBE-embOS.1.3.1
2025-05-27 11:03:24,626 [WARN] PackLoader:240 - Cannot read IP mode file for STMicroelectronics.X-CUBE-ALGOBUILD.1.4.0
2025-05-27 11:03:24,659 [WARN] PackLoader:240 - Cannot read IP mode file for STMicroelectronics.X-CUBE-AZRTOS-F4.1.1.0
2025-05-27 11:03:24,669 [WARN] PackLoader:240 - Cannot read IP mode file for Avnet-IotConnect.X-CUBE-IoTC-DA16k-PMOD.1.0.0
2025-05-27 11:03:24,688 [WARN] PackLoader:240 - Cannot read IP mode file for STMicroelectronics.X-CUBE-ISPU.2.1.0
2025-05-27 11:03:24,728 [WARN] PackLoader:240 - Cannot read IP mode file for STMicroelectronics.X-CUBE-AZRTOS-L5.2.0.0
2025-05-27 11:03:24,754 [WARN] PackLoader:240 - Cannot read IP mode file for STMicroelectronics.X-CUBE-NFC6.3.1.0
2025-05-27 11:03:24,783 [WARN] PackLoader:240 - Cannot read IP mode file for STMicroelectronics.X-CUBE-DPower.1.2.0
2025-05-27 11:03:24,807 [WARN] PackLoader:240 - Cannot read IP mode file for STMicroelectronics.X-CUBE-FREERTOS.1.3.1
2025-05-27 11:03:24,828 [WARN] PackLoader:240 - Cannot read IP mode file for STMicroelectronics.X-CUBE-FREERTOS.1.3.0
2025-05-27 11:03:24,849 [WARN] PackLoader:240 - Cannot read IP mode file for STMicroelectronics.X-CUBE-NFC7.1.0.1
2025-05-27 11:03:24,868 [WARN] PackLoader:240 - Cannot read IP mode file for STMicroelectronics.X-CUBE-DPower.1.3.0
2025-05-27 11:03:24,905 [WARN] ConditionMgr:438 - getConditionDescription Invalid condition id : LAN8742 Phy interface Condition cause : null
2025-05-27 11:03:24,906 [WARN] PackLoader:240 - Cannot read IP mode file for STMicroelectronics.X-CUBE-AZRTOS-L4.2.0.0
2025-05-27 11:03:24,907 [WARN] ConditionMgr:1044 - genDependencies : Invalid condition id : LAN8742 Phy interface Condition cause : null
2025-05-27 11:03:24,907 [WARN] ConditionMgr:1044 - genDependencies : Invalid condition id : LAN8742 Phy interface Condition cause : null
2025-05-27 11:03:24,908 [WARN] ConditionMgr:1044 - genDependencies : Invalid condition id : LAN8742 Phy interface Condition cause : null
2025-05-27 11:03:24,932 [WARN] PackLoader:240 - Cannot read IP mode file for STMicroelectronics.X-CUBE-SFXS2LP1.4.0.0
2025-05-27 11:03:24,968 [WARN] PackLoader:240 - Cannot read IP mode file for STMicroelectronics.X-CUBE-AZRTOS-H7.3.3.0
2025-05-27 11:03:25,001 [WARN] ConditionMgr:438 - getConditionDescription Invalid condition id : UX DEVICE CLASS RTOS Condition cause : null
2025-05-27 11:03:25,001 [WARN] ConditionMgr:438 - getConditionDescription Invalid condition id : UX DEVICE CLASS RTOS Condition cause : null
2025-05-27 11:03:25,002 [WARN] PackLoader:240 - Cannot read IP mode file for STMicroelectronics.X-CUBE-AZRTOS-WB.2.0.0
2025-05-27 11:03:25,003 [WARN] ConditionMgr:1044 - genDependencies : Invalid condition id : UX DEVICE CLASS RTOS Condition cause : null
2025-05-27 11:03:25,003 [WARN] ConditionMgr:1044 - genDependencies : Invalid condition id : UX DEVICE CLASS RTOS Condition cause : null
2025-05-27 11:03:25,003 [WARN] ConditionMgr:1044 - genDependencies : Invalid condition id : UX DEVICE CLASS RTOS Condition cause : null
2025-05-27 11:03:25,003 [WARN] ConditionMgr:1044 - genDependencies : Invalid condition id : UX DEVICE CLASS RTOS Condition cause : null
2025-05-27 11:03:25,003 [WARN] ConditionMgr:1044 - genDependencies : Invalid condition id : UX DEVICE CLASS RTOS Condition cause : null
2025-05-27 11:03:25,026 [WARN] PackLoader:240 - Cannot read IP mode file for STMicroelectronics.X-CUBE-GNSS1.7.0.1
2025-05-27 11:03:25,048 [WARN] PackLoader:240 - Cannot read IP mode file for STMicroelectronics.X-CUBE-TOUCHGFX.4.25.0
2025-05-27 11:03:25,069 [WARN] PackLoader:240 - Cannot read IP mode file for STMicroelectronics.FP-SNS-STBOX1.2.0.0
2025-05-27 11:03:25,093 [WARN] PackLoader:240 - Cannot read IP mode file for STMicroelectronics.X-CUBE-SUBG2.5.0.0
2025-05-27 11:03:25,131 [WARN] PackLoader:240 - Cannot read IP mode file for STMicroelectronics.X-CUBE-AZRTOS-H7RS.1.1.0
2025-05-27 11:03:25,138 [WARN] PackLoader:240 - Cannot read IP mode file for Cesanta.I-CUBE-Mongoose.7.13.0
2025-05-27 11:03:25,172 [WARN] PackLoader:240 - Cannot read IP mode file for STMicroelectronics.X-CUBE-AZRTOS-G4.2.0.0
2025-05-27 11:03:25,179 [WARN] PackLoader:240 - Cannot read IP mode file for wolfSSL.I-CUBE-wolfSSH.1.4.20
2025-05-27 11:03:25,200 [WARN] PackLoader:240 - Cannot read IP mode file for STMicroelectronics.X-CUBE-NFC7.2.0.0
2025-05-27 11:03:25,224 [WARN] PackLoader:240 - Cannot read IP mode file for STMicroelectronics.X-CUBE-IPS.3.1.0
2025-05-27 11:03:25,250 [WARN] PackLoader:240 - Cannot read IP mode file for STMicroelectronics.X-CUBE-ALS.1.0.2
2025-05-27 11:03:25,269 [WARN] PackLoader:240 - Cannot read IP mode file for STMicroelectronics.X-CUBE-TOUCHGFX.4.24.2
2025-05-27 11:03:25,289 [WARN] PackLoader:240 - Cannot read IP mode file for portGmbH.I-Cube-SoM-uGOAL.1.1.0
2025-05-27 11:03:25,327 [WARN] PackLoader:240 - Cannot read IP mode file for STMicroelectronics.X-CUBE-AZRTOS-H7RS.1.0.0
2025-05-27 11:03:25,360 [WARN] PackLoader:240 - Cannot read IP mode file for STMicroelectronics.X-CUBE-TOF1.3.4.2
2025-05-27 11:03:25,400 [WARN] PackLoader:240 - Cannot read IP mode file for STMicroelectronics.X-CUBE-TOF1.3.4.3
2025-05-27 11:03:25,407 [INFO] ThirdParty:978 - Integrity check success = true
2025-05-27 11:03:25,407 [INFO] IntegrityCheckThread:100 - exiting critical section [integrity check]
2025-05-27 11:03:25,407 [INFO] IntegrityCheckThread:103 - End integrity checks thread
2025-05-27 12:19:24,110 [INFO] WebApp:194 - Connection lost
2025-05-27 12:19:26,234 [INFO] WebApp:191 - Connection restablished
2025-05-27 12:19:27,586 [INFO] WebApp:194 - Connection lost
2025-05-27 12:19:31,547 [INFO] WebApp:191 - Connection restablished
2025-05-27 12:19:34,391 [ERROR] LogOutputStream:75 - [STDERR_REDIRECT] 
2025-05-27 12:19:34,398 [ERROR] LogOutputStream:75 - [STDERR_REDIRECT] 
