2025-05-21 21:39:37,386 [INFO] Activator:176 - 


2025-05-21 21:39:37,390 [INFO] Activator:177 - !SESSION log4j initialized
2025-05-21 21:39:53,016 [INFO] LogOutputStream:77 - [STDOUT_REDIRECT] 
2025-05-21 21:39:54,573 [INFO] ApplicationProperties:184 - Using Application install path: D:\CubeIDE\STM32CubeIDE_1.17.0\STM32CubeIDE\plugins\com.st.stm32cube.common.mx_6.14.1.202504091515
2025-05-21 21:39:54,601 [INFO] DbMcusXml:78 - Set database path to: D:\CubeIDE\STM32CubeIDE_1.17.0\STM32CubeIDE\plugins\com.st.stm32cube.common.mx_6.14.1.202504091515\\db\/mcu/
2025-05-21 21:39:54,602 [INFO] ApiDb:274 - Set plugin database path to: D:\CubeIDE\STM32CubeIDE_1.17.0\STM32CubeIDE\plugins\com.st.stm32cube.common.mx_6.14.1.202504091515\\db\/plugins/boardmanager/
2025-05-21 21:39:54,602 [WARN] ApiDb:259 - Overriding images path with different value:  => D:\CubeIDE\STM32CubeIDE_1.17.0\STM32CubeIDE\plugins\com.st.stm32cube.common.mx_6.14.1.202504091515\\db\/plugins/mcufinder/images/
2025-05-21 21:39:54,614 [INFO] ApiDb:250 - Set database path to: C:\Users\LENOVO\.stmcufinder\plugins\mcufinder//mcu/
2025-05-21 21:39:54,616 [INFO] DbMcusAds:125 - Set database path to: C:\Users\LENOVO\.stmcufinder\plugins\mcufinder//mcu/
2025-05-21 21:39:54,619 [INFO] CrossReferenceDbSqlite:203 - Set database path to: C:\Users\LENOVO\.stmcufinder\plugins\mcufinder//mcu/cs/
2025-05-21 21:39:54,822 [INFO] RulesReader:64 - Compatibility file has been processed (302 Rules)
2025-05-21 21:39:54,965 [INFO] DbMcusXml:78 - Set database path to: D:\CubeIDE\STM32CubeIDE_1.17.0\STM32CubeIDE\plugins\com.st.stm32cube.common.mx_6.14.1.202504091515\\db\/mcu/
2025-05-21 21:39:54,965 [INFO] ApiDb:274 - Set plugin database path to: D:\CubeIDE\STM32CubeIDE_1.17.0\STM32CubeIDE\plugins\com.st.stm32cube.common.mx_6.14.1.202504091515\\db\/plugins/boardmanager/
2025-05-21 21:39:54,966 [INFO] ApiDb:261 - Set plugin images path to: D:\CubeIDE\STM32CubeIDE_1.17.0\STM32CubeIDE\plugins\com.st.stm32cube.common.mx_6.14.1.202504091515\\db\/plugins/mcufinder/images/
2025-05-21 21:39:54,966 [WARN] DbFile:41 - Overriding database path with different value: C:\Users\LENOVO\.stmcufinder\plugins\mcufinder/ => C:\Users\LENOVO\.stmcufinder\plugins\mcufinder
2025-05-21 21:39:54,966 [INFO] ApiDb:250 - Set database path to: C:\Users\LENOVO\.stmcufinder\plugins\mcufinder//mcu/
2025-05-21 21:39:54,966 [WARN] DbFile:41 - Overriding database path with different value: C:\Users\LENOVO\.stmcufinder\plugins\mcufinder/ => C:\Users\LENOVO\.stmcufinder\plugins\mcufinder
2025-05-21 21:39:54,966 [INFO] DbMcusAds:125 - Set database path to: C:\Users\LENOVO\.stmcufinder\plugins\mcufinder//mcu/
2025-05-21 21:39:54,966 [WARN] DbFile:41 - Overriding database path with different value: C:\Users\LENOVO\.stmcufinder\plugins\mcufinder/ => C:\Users\LENOVO\.stmcufinder\plugins\mcufinder
2025-05-21 21:39:54,967 [WARN] DbFile:41 - Overriding database path with different value: C:\Users\LENOVO\.stmcufinder\plugins\mcufinder/ => C:\Users\LENOVO\.stmcufinder\plugins\mcufinder
2025-05-21 21:39:54,967 [INFO] CrossReferenceDbSqlite:203 - Set database path to: C:\Users\LENOVO\.stmcufinder\plugins\mcufinder//mcu/cs/
2025-05-21 21:39:55,088 [INFO] MainPanel:272 - HeapMemory: 268435456
2025-05-21 21:39:55,249 [INFO] DbMcusXml:78 - Set database path to: D:\CubeIDE\STM32CubeIDE_1.17.0\STM32CubeIDE\plugins\com.st.stm32cube.common.mx_6.14.1.202504091515\\db\/mcu/
2025-05-21 21:39:55,250 [INFO] ApiDb:274 - Set plugin database path to: D:\CubeIDE\STM32CubeIDE_1.17.0\STM32CubeIDE\plugins\com.st.stm32cube.common.mx_6.14.1.202504091515\\db\/plugins/boardmanager/
2025-05-21 21:39:55,250 [INFO] ApiDb:261 - Set plugin images path to: D:\CubeIDE\STM32CubeIDE_1.17.0\STM32CubeIDE\plugins\com.st.stm32cube.common.mx_6.14.1.202504091515\\db\/plugins/mcufinder/images/
2025-05-21 21:39:55,250 [WARN] DbFile:41 - Overriding database path with different value: C:\Users\LENOVO\.stmcufinder\plugins\mcufinder/ => C:\Users\LENOVO\.stmcufinder\plugins\mcufinder
2025-05-21 21:39:55,250 [INFO] ApiDb:250 - Set database path to: C:\Users\LENOVO\.stmcufinder\plugins\mcufinder//mcu/
2025-05-21 21:39:55,250 [WARN] DbFile:41 - Overriding database path with different value: C:\Users\LENOVO\.stmcufinder\plugins\mcufinder/ => C:\Users\LENOVO\.stmcufinder\plugins\mcufinder
2025-05-21 21:39:55,250 [INFO] DbMcusAds:125 - Set database path to: C:\Users\LENOVO\.stmcufinder\plugins\mcufinder//mcu/
2025-05-21 21:39:55,251 [WARN] DbFile:41 - Overriding database path with different value: C:\Users\LENOVO\.stmcufinder\plugins\mcufinder/ => C:\Users\LENOVO\.stmcufinder\plugins\mcufinder
2025-05-21 21:39:55,251 [WARN] DbFile:41 - Overriding database path with different value: C:\Users\LENOVO\.stmcufinder\plugins\mcufinder/ => C:\Users\LENOVO\.stmcufinder\plugins\mcufinder
2025-05-21 21:39:55,251 [INFO] CrossReferenceDbSqlite:203 - Set database path to: C:\Users\LENOVO\.stmcufinder\plugins\mcufinder//mcu/cs/
2025-05-21 21:39:55,283 [INFO] ApplicationProperties:184 - Using Application install path: D:\CubeIDE\STM32CubeIDE_1.17.0\STM32CubeIDE\plugins\com.st.stm32cube.common.mx_6.14.1.202504091515
2025-05-21 21:39:55,285 [INFO] PluginManage:196 - Search for loadable plugins [exclusion list=, ]
2025-05-21 21:39:55,288 [INFO] PluginManage:310 - Check plugin analytics
2025-05-21 21:39:55,603 [INFO] AnalyticsPlugin:253 - Accepted Software Licenses: 
2025-05-21 21:39:55,604 [INFO] AnalyticsPlugin:255 - Accepted CMSIS Pack Licenses: 
2025-05-21 21:39:55,604 [INFO] AnalyticsPlugin:257 - Accepted Firmware Licenses: FW.F4.1.28.0
2025-05-21 21:39:55,605 [INFO] PluginManage:359 - Loaded plugin analytics (category:tool,tabindex:-1)
2025-05-21 21:39:55,606 [INFO] PluginManage:310 - Check plugin cadmodel
2025-05-21 21:39:55,634 [INFO] CADModel:105 - Init CAD model plugin
2025-05-21 21:39:55,635 [INFO] PluginManage:359 - Loaded plugin cadmodel (category:power,tabindex:5)
2025-05-21 21:39:55,635 [INFO] PluginManage:310 - Check plugin clock
2025-05-21 21:39:55,667 [INFO] PluginManage:359 - Loaded plugin clock (category:base,tabindex:2)
2025-05-21 21:39:55,668 [INFO] PluginManage:310 - Check plugin ddr
2025-05-21 21:39:55,672 [INFO] PluginManage:359 - Loaded plugin ddr (category:tool,tabindex:6)
2025-05-21 21:39:55,672 [INFO] PluginManage:310 - Check plugin filemanager
2025-05-21 21:39:55,960 [INFO] PluginManage:359 - Loaded plugin filemanager (category:base,tabindex:10)
2025-05-21 21:39:55,960 [INFO] PluginManage:310 - Check plugin ipmanager
2025-05-21 21:39:55,972 [INFO] PluginManage:359 - Loaded plugin ipmanager (category:base,tabindex:5)
2025-05-21 21:39:55,973 [INFO] PluginManage:310 - Check plugin lpbam
2025-05-21 21:39:56,011 [INFO] PluginManage:359 - Loaded plugin lpbam (category:base,tabindex:0)
2025-05-21 21:39:56,011 [INFO] PluginManage:310 - Check plugin memorymap
2025-05-21 21:39:56,058 [INFO] PluginManage:359 - Loaded plugin memorymap (category:base,tabindex:4)
2025-05-21 21:39:56,059 [INFO] PluginManage:310 - Check plugin pinoutandconfiguration
2025-05-21 21:39:56,086 [INFO] PluginManage:359 - Loaded plugin pinoutandconfiguration (category:base,tabindex:1)
2025-05-21 21:39:56,086 [INFO] PluginManage:310 - Check plugin pinoutconfig
2025-05-21 21:39:56,233 [WARN] SupportedApi:132 - Cannot load RTOS API schema: s4s-elt-must-match.1: The content of 'definitions' must match (annotation?, (simpleType | complexType)?, (unique | key | keyref)*)). A problem was found starting at: attribute.
2025-05-21 21:39:56,429 [INFO] PluginManage:359 - Loaded plugin pinoutconfig (category:base,tabindex:0)
2025-05-21 21:39:56,429 [INFO] PluginManage:310 - Check plugin power
2025-05-21 21:39:56,466 [INFO] PluginManage:359 - Loaded plugin power (category:power,tabindex:4)
2025-05-21 21:39:56,467 [INFO] PluginManage:310 - Check plugin projectmanager
2025-05-21 21:39:56,486 [INFO] PluginManage:359 - Loaded plugin projectmanager (category:projectmanager,tabindex:4)
2025-05-21 21:39:56,487 [INFO] PluginManage:310 - Check plugin rif
2025-05-21 21:39:56,515 [INFO] PluginManage:359 - Loaded plugin rif (category:base,tabindex:3)
2025-05-21 21:39:56,515 [INFO] PluginManage:310 - Check plugin thirdparty
2025-05-21 21:39:57,039 [INFO] PluginManage:359 - Loaded plugin thirdparty (category:base,tabindex:-1)
2025-05-21 21:39:57,039 [WARN] IntegrityCheckThread:84 - waiting for thirdparty lock release [integrity check]
2025-05-21 21:39:57,040 [INFO] IntegrityCheckThread:86 - entering critical section [integrity check]
2025-05-21 21:39:57,040 [INFO] PluginManage:310 - Check plugin tools
2025-05-21 21:39:57,040 [INFO] ThirdPartyUpdaterWithRetryManager:70 - Updater plugin not ready yet. [1/15]
2025-05-21 21:39:57,114 [INFO] PluginManage:359 - Loaded plugin tools (category:base,tabindex:7)
2025-05-21 21:39:57,114 [INFO] PluginManage:310 - Check plugin tutovideos
2025-05-21 21:39:57,416 [INFO] PluginManage:359 - Loaded plugin tutovideos (category:base,tabindex:-1)
2025-05-21 21:39:57,416 [INFO] PluginManage:310 - Check plugin updater
2025-05-21 21:39:57,449 [INFO] PluginManage:359 - Loaded plugin updater (category:base,tabindex:12)
2025-05-21 21:39:57,449 [INFO] PluginManage:310 - Check plugin userauth
2025-05-21 21:39:57,455 [INFO] UserAuth:118 - Init User Auth plugin
2025-05-21 21:39:57,456 [INFO] PluginManage:359 - Loaded plugin userauth (category:base,tabindex:14)
2025-05-21 21:39:57,457 [INFO] PluginManage:283 - PluginManage : Loaded plugins [18]
2025-05-21 21:39:57,862 [INFO] PinOutPanel:1589 - setPackage(No Configuration,No Configuration)
2025-05-21 21:39:58,020 [INFO] CADModel:165 - CPN selected for project level
2025-05-21 21:39:58,021 [INFO] CADModel:114 - Register for checkConnection events
2025-05-21 21:39:58,064 [INFO] IPUIPlugin:80 - create IPUIPlugin
2025-05-21 21:39:58,065 [INFO] PluginManager:220 - loadIPPluginJar : add adc
2025-05-21 21:39:58,140 [INFO] IPUIPlugin:80 - create IPUIPlugin
2025-05-21 21:39:58,140 [INFO] PluginManager:220 - loadIPPluginJar : add aes
2025-05-21 21:39:58,222 [INFO] IPUIPlugin:80 - create IPUIPlugin
2025-05-21 21:39:58,223 [INFO] PluginManager:220 - loadIPPluginJar : add can
2025-05-21 21:39:58,288 [INFO] IPUIPlugin:80 - create IPUIPlugin
2025-05-21 21:39:58,288 [INFO] PluginManager:220 - loadIPPluginJar : add comp
2025-05-21 21:39:58,381 [INFO] IPUIPlugin:80 - create IPUIPlugin
2025-05-21 21:39:58,381 [INFO] PluginManager:220 - loadIPPluginJar : add cryp
2025-05-21 21:39:58,412 [INFO] IPUIPlugin:80 - create IPUIPlugin
2025-05-21 21:39:58,413 [INFO] PluginManager:220 - loadIPPluginJar : add ddr_ctrl_phy
2025-05-21 21:39:58,478 [INFO] IPUIPlugin:80 - create IPUIPlugin
2025-05-21 21:39:58,478 [INFO] PluginManager:220 - loadIPPluginJar : add dfsdm
2025-05-21 21:39:58,504 [INFO] IPUIPlugin:80 - create IPUIPlugin
2025-05-21 21:39:58,504 [INFO] PluginManager:220 - loadIPPluginJar : add dma
2025-05-21 21:39:58,594 [INFO] IPUIPlugin:80 - create IPUIPlugin
2025-05-21 21:39:58,594 [INFO] PluginManager:220 - loadIPPluginJar : add dma3
2025-05-21 21:39:58,703 [INFO] IPUIPlugin:80 - create IPUIPlugin
2025-05-21 21:39:58,704 [INFO] PluginManager:220 - loadIPPluginJar : add extmemmanager
2025-05-21 21:39:58,736 [INFO] IPUIPlugin:80 - create IPUIPlugin
2025-05-21 21:39:58,736 [INFO] PluginManager:220 - loadIPPluginJar : add fatfs
2025-05-21 21:39:58,822 [INFO] IPUIPlugin:80 - create IPUIPlugin
2025-05-21 21:39:58,822 [INFO] PluginManager:220 - loadIPPluginJar : add fmc
2025-05-21 21:39:58,843 [INFO] IPUIPlugin:80 - create IPUIPlugin
2025-05-21 21:39:58,843 [INFO] PluginManager:220 - loadIPPluginJar : add freertos
2025-05-21 21:39:58,871 [INFO] IPUIPlugin:80 - create IPUIPlugin
2025-05-21 21:39:58,871 [INFO] PluginManager:220 - loadIPPluginJar : add genericplugin
2025-05-21 21:39:59,091 [INFO] IPUIPlugin:80 - create IPUIPlugin
2025-05-21 21:39:59,091 [INFO] PluginManager:220 - loadIPPluginJar : add gfxmmu
2025-05-21 21:39:59,350 [INFO] IPUIPlugin:80 - create IPUIPlugin
2025-05-21 21:39:59,350 [INFO] PluginManager:220 - loadIPPluginJar : add gic
2025-05-21 21:39:59,372 [INFO] IPUIPlugin:80 - create IPUIPlugin
2025-05-21 21:39:59,373 [INFO] PluginManager:220 - loadIPPluginJar : add gpio
2025-05-21 21:39:59,550 [INFO] IPUIPlugin:80 - create IPUIPlugin
2025-05-21 21:39:59,550 [INFO] PluginManager:220 - loadIPPluginJar : add gtzc
2025-05-21 21:39:59,607 [INFO] IPUIPlugin:80 - create IPUIPlugin
2025-05-21 21:39:59,608 [INFO] PluginManager:220 - loadIPPluginJar : add hash
2025-05-21 21:39:59,743 [INFO] IPUIPlugin:80 - create IPUIPlugin
2025-05-21 21:39:59,743 [INFO] PluginManager:220 - loadIPPluginJar : add i2c
2025-05-21 21:39:59,842 [INFO] IPUIPlugin:80 - create IPUIPlugin
2025-05-21 21:39:59,842 [INFO] PluginManager:220 - loadIPPluginJar : add i2s
2025-05-21 21:39:59,942 [INFO] IPUIPlugin:80 - create IPUIPlugin
2025-05-21 21:39:59,942 [INFO] PluginManager:220 - loadIPPluginJar : add i3c
2025-05-21 21:40:00,055 [INFO] ThirdPartyUpdaterWithRetryManager:70 - Updater plugin not ready yet. [2/15]
2025-05-21 21:40:00,167 [INFO] IPUIPlugin:80 - create IPUIPlugin
2025-05-21 21:40:00,167 [INFO] PluginManager:220 - loadIPPluginJar : add ipddr
2025-05-21 21:40:00,425 [INFO] IPUIPlugin:80 - create IPUIPlugin
2025-05-21 21:40:00,426 [INFO] PluginManager:220 - loadIPPluginJar : add linkedlist
2025-05-21 21:40:00,488 [INFO] IPUIPlugin:80 - create IPUIPlugin
2025-05-21 21:40:00,489 [INFO] PluginManager:220 - loadIPPluginJar : add lorawan
2025-05-21 21:40:00,585 [INFO] IPUIPlugin:80 - create IPUIPlugin
2025-05-21 21:40:00,585 [INFO] PluginManager:220 - loadIPPluginJar : add ltdc
2025-05-21 21:40:00,607 [INFO] IPUIPlugin:80 - create IPUIPlugin
2025-05-21 21:40:00,607 [INFO] PluginManager:220 - loadIPPluginJar : add mdma
2025-05-21 21:40:00,633 [INFO] IPUIPlugin:80 - create IPUIPlugin
2025-05-21 21:40:00,634 [INFO] PluginManager:220 - loadIPPluginJar : add nvic
2025-05-21 21:40:00,747 [INFO] IPUIPlugin:80 - create IPUIPlugin
2025-05-21 21:40:00,747 [INFO] PluginManager:220 - loadIPPluginJar : add opamp
2025-05-21 21:40:00,906 [INFO] IPUIPlugin:80 - create IPUIPlugin
2025-05-21 21:40:00,906 [INFO] PluginManager:220 - loadIPPluginJar : add openamp
2025-05-21 21:40:00,988 [INFO] IPUIPlugin:80 - create IPUIPlugin
2025-05-21 21:40:00,988 [INFO] PluginManager:220 - loadIPPluginJar : add pdm2pcm
2025-05-21 21:40:01,015 [INFO] IPUIPlugin:80 - create IPUIPlugin
2025-05-21 21:40:01,019 [INFO] PluginManager:220 - loadIPPluginJar : add plateformsettings
2025-05-21 21:40:01,064 [INFO] IPUIPlugin:80 - create IPUIPlugin
2025-05-21 21:40:01,064 [INFO] PluginManager:220 - loadIPPluginJar : add quadspi
2025-05-21 21:40:01,096 [INFO] IPUIPlugin:80 - create IPUIPlugin
2025-05-21 21:40:01,097 [INFO] PluginManager:220 - loadIPPluginJar : add radio
2025-05-21 21:40:01,121 [INFO] IPUIPlugin:80 - create IPUIPlugin
2025-05-21 21:40:01,121 [INFO] PluginManager:220 - loadIPPluginJar : add resmgrutility
2025-05-21 21:40:01,212 [INFO] IPUIPlugin:80 - create IPUIPlugin
2025-05-21 21:40:01,212 [INFO] PluginManager:220 - loadIPPluginJar : add sai
2025-05-21 21:40:01,301 [INFO] IPUIPlugin:80 - create IPUIPlugin
2025-05-21 21:40:01,301 [INFO] PluginManager:220 - loadIPPluginJar : add spi
2025-05-21 21:40:01,482 [INFO] IPUIPlugin:80 - create IPUIPlugin
2025-05-21 21:40:01,482 [INFO] PluginManager:220 - loadIPPluginJar : add stm32_wpan
2025-05-21 21:40:01,512 [INFO] IPUIPlugin:80 - create IPUIPlugin
2025-05-21 21:40:01,512 [INFO] PluginManager:220 - loadIPPluginJar : add tim
2025-05-21 21:40:01,649 [INFO] IPUIPlugin:80 - create IPUIPlugin
2025-05-21 21:40:01,650 [INFO] PluginManager:220 - loadIPPluginJar : add touchsensing
2025-05-21 21:40:01,703 [INFO] IPUIPlugin:80 - create IPUIPlugin
2025-05-21 21:40:01,703 [INFO] PluginManager:220 - loadIPPluginJar : add tracer_emb
2025-05-21 21:40:01,761 [INFO] IPUIPlugin:80 - create IPUIPlugin
2025-05-21 21:40:01,761 [INFO] PluginManager:220 - loadIPPluginJar : add ts
2025-05-21 21:40:01,800 [INFO] IPUIPlugin:80 - create IPUIPlugin
2025-05-21 21:40:01,801 [INFO] PluginManager:220 - loadIPPluginJar : add tsc
2025-05-21 21:40:01,867 [INFO] IPUIPlugin:80 - create IPUIPlugin
2025-05-21 21:40:01,867 [INFO] PluginManager:220 - loadIPPluginJar : add ucpd
2025-05-21 21:40:01,994 [INFO] IPUIPlugin:80 - create IPUIPlugin
2025-05-21 21:40:01,994 [INFO] PluginManager:220 - loadIPPluginJar : add usart
2025-05-21 21:40:02,088 [INFO] IPUIPlugin:80 - create IPUIPlugin
2025-05-21 21:40:02,088 [INFO] PluginManager:220 - loadIPPluginJar : add usbx
2025-05-21 21:40:02,256 [FATAL] Updater:351 - Updater called before beeing initialized
2025-05-21 21:40:02,302 [INFO] RulesReader:64 - Compatibility file has been processed (302 Rules)
2025-05-21 21:40:02,322 [INFO] RulesReader:64 - Compatibility file has been processed (302 Rules)
2025-05-21 21:40:02,339 [INFO] CADModel:165 - CPN selected for project level
2025-05-21 21:40:02,340 [INFO] CADModel:114 - Register for checkConnection events
2025-05-21 21:40:02,340 [FATAL] Updater:351 - Updater called before beeing initialized
2025-05-21 21:40:02,340 [ERROR] CADModel:125 - Updater not yet initialized, retry later 
2025-05-21 21:40:02,612 [FATAL] Updater:351 - Updater called before beeing initialized
2025-05-21 21:40:02,616 [INFO] CADModel:165 - CPN selected for project level
2025-05-21 21:40:02,616 [INFO] CADModel:114 - Register for checkConnection events
2025-05-21 21:40:02,616 [FATAL] Updater:351 - Updater called before beeing initialized
2025-05-21 21:40:02,616 [ERROR] CADModel:125 - Updater not yet initialized, retry later 
2025-05-21 21:40:02,622 [FATAL] Updater:351 - Updater called before beeing initialized
2025-05-21 21:40:02,825 [FATAL] Updater:351 - Updater called before beeing initialized
2025-05-21 21:40:02,846 [INFO] DbMcusAds:53 - JSON generation date=Wed May 07 16:07:55 ICT 2025 (1746608875513)
2025-05-21 21:40:02,846 [FATAL] Updater:351 - Updater called before beeing initialized
2025-05-21 21:40:02,973 [WARN] DetailPanel:346 - Failed to get advertising image, set to default
2025-05-21 21:40:03,063 [INFO] ThirdPartyUpdaterWithRetryManager:70 - Updater plugin not ready yet. [3/15]
2025-05-21 21:40:03,445 [FATAL] Updater:351 - Updater called before beeing initialized
2025-05-21 21:40:03,448 [FATAL] Updater:351 - Updater called before beeing initialized
2025-05-21 21:40:03,448 [FATAL] Updater:351 - Updater called before beeing initialized
2025-05-21 21:40:03,449 [WARN] DetailPanel:346 - Failed to get advertising image, set to default
2025-05-21 21:40:03,449 [FATAL] Updater:351 - Updater called before beeing initialized
2025-05-21 21:40:03,534 [ERROR] Updater:1198 - MainUpdater not yet initialized. External WinMGr cannot be set.
2025-05-21 21:40:03,549 [INFO] Updater:1134 - Updater Version found : 6.14.1
2025-05-21 21:40:03,575 [INFO] ApplicationProperties:184 - Using Application install path: D:\CubeIDE\STM32CubeIDE_1.17.0\STM32CubeIDE\plugins\com.st.stm32cube.common.mx_6.14.1.202504091515
2025-05-21 21:40:05,214 [ERROR] LogOutputStream:75 - [STDERR_REDIRECT] May 21, 2025 9:40:05 PM java.util.prefs.WindowsPreferences <init>
2025-05-21 21:40:05,216 [ERROR] LogOutputStream:75 - [STDERR_REDIRECT] WARNING: Could not open/create prefs root node Software\JavaSoft\Prefs at root 0xffffffff80000002. Windows RegCreateKeyEx(...) returned error code 5.
2025-05-21 21:40:05,216 [ERROR] LogOutputStream:75 - [STDERR_REDIRECT] 
2025-05-21 21:40:06,074 [FATAL] Updater:351 - Updater called before beeing initialized
2025-05-21 21:40:06,075 [ERROR] IntegrityCheckThread:130 - Cannot retrieve database content from updater: error 21
2025-05-21 21:40:06,076 [INFO] ThirdParty:978 - Integrity check success = false
2025-05-21 21:40:06,076 [INFO] IntegrityCheckThread:100 - exiting critical section [integrity check]
2025-05-21 21:40:06,078 [INFO] IntegrityCheckThread:103 - End integrity checks thread
2025-05-21 21:40:06,118 [INFO] MainUpdater:2872 - connection check result : 10
2025-05-21 21:40:06,119 [INFO] MainUpdater:3566 - Updater definition file requires update
2025-05-21 21:40:06,120 [INFO] MainUpdater:289 - Updater Check For Update Now.
2025-05-21 21:40:06,120 [INFO] MicroXplorer:498 - Change Database Version : DB.6.0.141
2025-05-21 21:40:06,158 [INFO] McuFinderGlobals:63 - Set McuFinder mode to 2 (CubeIDE integrated)
2025-05-21 21:40:06,158 [INFO] UserAuth:171 - activating auth plugin
2025-05-21 21:40:06,172 [INFO] UserAuth:484 - Internet connection configuration mode: 1
2025-05-21 21:40:06,234 [INFO] JxBrowserEngine:152 - Initiate JxBrowser Engine with user profile folder
2025-05-21 21:40:06,461 [INFO] ServerAccessManage:473 - Download File updaters.zip
2025-05-21 21:40:06,729 [INFO] FileExtend:242 - Unzip File : updaters.zip
2025-05-21 21:40:06,729 [INFO] FileExtend:257 - Standard Zip Deflate
2025-05-21 21:40:07,658 [INFO] ServerAccessManage:473 - Download File PacksControlFlags.xml
2025-05-21 21:40:07,836 [INFO] ServerAccessManage:473 - Download File cubemx.pidx
2025-05-21 21:40:08,045 [INFO] LoadServerUpdatesThread:375 - End of LoadServerUpdate Thread
2025-05-21 21:40:08,411 [INFO] CheckServerUpdateThread:120 - End of CheckServer Thread
2025-05-21 21:40:08,960 [INFO] WebApp:169 - Instantiating new browser for Auth
2025-05-21 21:40:09,966 [INFO] WebApp:463 - Apply proxy settings
2025-05-21 21:40:09,969 [INFO] WebApp:548 - Chromium requires no authentication
2025-05-21 21:40:09,982 [INFO] WebApp:491 - Direct internet connection detected
2025-05-21 21:40:10,026 [INFO] WebApp:894 - Register for checkConnection events
2025-05-21 21:40:10,026 [INFO] WebApp:463 - Apply proxy settings
2025-05-21 21:40:10,027 [INFO] WebApp:548 - Chromium requires no authentication
2025-05-21 21:40:10,027 [INFO] WebApp:491 - Direct internet connection detected
2025-05-21 21:40:10,314 [INFO] WebApp:225 - Starting web application
2025-05-21 21:40:10,315 [INFO] WebApp:593 - Web application path used D:\CubeIDE\STM32CubeIDE_1.17.0\STM32CubeIDE\plugins\com.st.stm32cube.common.mx_6.14.1.202504091515\db\plugins\mcufinder\reactClient1\index.html
2025-05-21 21:40:10,646 [INFO] WebApp:191 - Connection restablished
2025-05-21 23:37:41,586 [ERROR] LogOutputStream:75 - [STDERR_REDIRECT] 
